<?xml version="1.0" encoding="UTF-8"?>
<!-- Generated by org.testng.reporters.JUnitReportReporter -->
<testsuite hostname="LAPTOP-I30VNB79" failures="0" tests="6" name="ExtentReport.PriorityTest" time="0.036" errors="0" timestamp="2023-10-12T10:06:05 IST" skipped="0">
  <testcase classname="ExtentReport.PriorityTest" name="m3" time="0.006"/>
  <testcase classname="ExtentReport.PriorityTest" name="m1" time="0.011"/>
  <testcase classname="ExtentReport.PriorityTest" name="m5" time="0.004"/>
  <testcase classname="ExtentReport.PriorityTest" name="m4" time="0.002"/>
  <testcase classname="ExtentReport.PriorityTest" name="m2" time="0.008"/>
  <testcase classname="ExtentReport.PriorityTest" name="m6" time="0.005"/>
</testsuite> <!-- ExtentReport.PriorityTest -->
