<?xml version="1.0" encoding="UTF-8"?>
<!-- Generated by org.testng.reporters.JUnitReportReporter -->
<testsuite hostname="LAPTOP-I30VNB79" failures="0" tests="2" name="ExtentReport.UseDataProviderWithHashMap" time="0.034" errors="0" timestamp="2023-09-13T13:55:43 IST" skipped="0">
  <testcase classname="ExtentReport.UseDataProviderWithHashMap" name="TestCase" time="0.009"/>
  <testcase classname="ExtentReport.UseDataProviderWithHashMap" name="TestCase" time="0.025"/>
</testsuite> <!-- ExtentReport.UseDataProviderWithHashMap -->
