<?xml version="1.0" encoding="UTF-8"?>
<!-- Generated by org.testng.reporters.JUnitReportReporter -->
<testsuite hostname="LAPTOP-I30VNB79" failures="0" tests="1" name="framework.MavenStructuredFrameworkDesign.ExcelDataDriven.ReadEntireDataOfExcel" time="1.936" errors="0" timestamp="2023-08-08T17:05:43 IST" skipped="0">
  <testcase classname="framework.MavenStructuredFrameworkDesign.ExcelDataDriven.ReadEntireDataOfExcel" name="ReadEntireDataOfExcelTest" time="1.936"/>
</testsuite> <!-- framework.MavenStructuredFrameworkDesign.ExcelDataDriven.ReadEntireDataOfExcel -->
