<?xml version="1.0" encoding="UTF-8"?>
<!-- Generated by org.testng.reporters.JUnitReportReporter -->
<testsuite hostname="LAPTOP-I30VNB79" failures="0" tests="2" name="ExtentReport.GetDataFromExcel" time="0.199" errors="0" timestamp="2023-09-13T16:57:56 IST" skipped="0">
  <testcase classname="ExtentReport.GetDataFromExcel" name="TestCase" time="0.010"/>
  <testcase classname="ExtentReport.GetDataFromExcel" name="getData1" time="0.189"/>
</testsuite> <!-- ExtentReport.GetDataFromExcel -->
