<?xml version="1.0" encoding="UTF-8"?>
<!-- Generated by org.testng.reporters.JUnitReportReporter -->
<testsuite hostname="LAPTOP-I30VNB79" failures="0" tests="1" name="framework.MavenStructuredFrameworkDesign.ExcelDataDriven.Excel" time="1.016" errors="1" timestamp="2023-08-30T13:42:43 IST" skipped="0">
  <testcase classname="framework.MavenStructuredFrameworkDesign.ExcelDataDriven.Excel" name="testCaseData" time="1.016">
    <error message="
[public void framework.MavenStructuredFrameworkDesign.ExcelDataDriven.Excel.testCaseData(java.lang.Object[][])] has no parameters defined but was found to be using a data provider (either explicitly specified or inherited from class level annotation).
Data provider mismatch
Method: testCaseData([java.lang.Object[][] arg0])
Arguments: [(java.lang.String) 10,(java.lang.String) ACCOUNTING,(java.lang.String) NEW YORK,(java.lang.String) NEW YORK]" type="org.testng.internal.reflect.MethodMatcherException">
      <![CDATA[org.testng.internal.reflect.MethodMatcherException: 
[public void framework.MavenStructuredFrameworkDesign.ExcelDataDriven.Excel.testCaseData(java.lang.Object[][])] has no parameters defined but was found to be using a data provider (either explicitly specified or inherited from class level annotation).
Data provider mismatch
Method: testCaseData([java.lang.Object[][] arg0])
Arguments: [(java.lang.String) 10,(java.lang.String) ACCOUNTING,(java.lang.String) NEW YORK,(java.lang.String) NEW YORK]
at org.testng.internal.reflect.DataProviderMethodMatcher.getConformingArguments(DataProviderMethodMatcher.java:46)
at org.testng.internal.Parameters.injectParameters(Parameters.java:909)
at org.testng.internal.invokers.MethodRunner.runInSequence(MethodRunner.java:37)
at org.testng.internal.invokers.TestInvoker$MethodInvocationAgent.invoke(TestInvoker.java:957)
at org.testng.internal.invokers.TestInvoker.invokeTestMethods(TestInvoker.java:200)
at org.testng.internal.invokers.TestMethodWorker.invokeTestMethods(TestMethodWorker.java:148)
at org.testng.internal.invokers.TestMethodWorker.run(TestMethodWorker.java:128)
at java.base/java.util.ArrayList.forEach(ArrayList.java:1511)
at org.testng.TestRunner.privateRun(TestRunner.java:848)
at org.testng.TestRunner.run(TestRunner.java:621)
at org.testng.SuiteRunner.runTest(SuiteRunner.java:443)
at org.testng.SuiteRunner.runSequentially(SuiteRunner.java:437)
at org.testng.SuiteRunner.privateRun(SuiteRunner.java:397)
at org.testng.SuiteRunner.run(SuiteRunner.java:336)
at org.testng.SuiteRunnerWorker.runSuite(SuiteRunnerWorker.java:52)
at org.testng.SuiteRunnerWorker.run(SuiteRunnerWorker.java:95)
at org.testng.TestNG.runSuitesSequentially(TestNG.java:1280)
at org.testng.TestNG.runSuitesLocally(TestNG.java:1200)
at org.testng.TestNG.runSuites(TestNG.java:1114)
at org.testng.TestNG.run(TestNG.java:1082)
at org.testng.remote.AbstractRemoteTestNG.run(AbstractRemoteTestNG.java:115)
at org.testng.remote.RemoteTestNG.initAndRun(RemoteTestNG.java:251)
at org.testng.remote.RemoteTestNG.main(RemoteTestNG.java:77)
]]>
    </error>
  </testcase> <!-- testCaseData -->
</testsuite> <!-- framework.MavenStructuredFrameworkDesign.ExcelDataDriven.Excel -->
