<?xml version="1.0" encoding="UTF-8"?>
<!-- Generated by org.testng.reporters.JUnitReportReporter -->
<testsuite hostname="LAPTOP-I30VNB79" failures="0" tests="1" name="framework.MavenStructuredFrameworkDesign.ExcelDataDriven.ExcelDriven" time="0.012" errors="0" timestamp="2023-09-13T16:53:15 IST" skipped="0">
  <testcase classname="framework.MavenStructuredFrameworkDesign.ExcelDataDriven.ExcelDriven" name="getDataFromExcel" time="0.012"/>
</testsuite> <!-- framework.MavenStructuredFrameworkDesign.ExcelDataDriven.ExcelDriven -->
