<?xml version="1.0" encoding="UTF-8"?>
<!-- Generated by org.testng.reporters.JUnitReportReporter -->
<testsuite hostname="LAPTOP-I30VNB79" failures="0" tests="2" name="framework.MavenStructuredFrameworkDesign.Test.ErrorValidationsTest" time="21.345" errors="0" timestamp="2023-10-27T21:40:05 IST" skipped="0">
  <testcase classname="framework.MavenStructuredFrameworkDesign.Test.ErrorValidationsTest" name="LoginErrorValidation" time="4.698"/>
  <testcase classname="framework.MavenStructuredFrameworkDesign.Test.ErrorValidationsTest" name="productErrorValidation" time="16.647"/>
</testsuite> <!-- framework.MavenStructuredFrameworkDesign.Test.ErrorValidationsTest -->
