<?xml version="1.0" encoding="UTF-8"?>
<!-- Generated by org.testng.reporters.JUnitReportReporter -->
<testsuite hostname="LAPTOP-I30VNB79" failures="0" tests="2" name="ExtentReport.UseDataProvider" time="0.011" errors="0" timestamp="2023-09-13T13:43:49 IST" skipped="0">
  <testcase classname="ExtentReport.UseDataProvider" name="TestCase" time="0.003"/>
  <testcase classname="ExtentReport.UseDataProvider" name="TestCase" time="0.008"/>
</testsuite> <!-- ExtentReport.UseDataProvider -->
