<?xml version="1.0" encoding="UTF-8"?>
<!-- Generated by org.testng.reporters.JUnitReportReporter -->
<testsuite hostname="LAPTOP-I30VNB79" failures="0" tests="1" name="framework.MavenStructuredFrameworkDesign.ExcelDataDriven.ReadHeader" time="1.730" errors="0" timestamp="2023-08-30T15:04:03 IST" skipped="0">
  <testcase classname="framework.MavenStructuredFrameworkDesign.ExcelDataDriven.ReadHeader" name="getData" time="1.730"/>
</testsuite> <!-- framework.MavenStructuredFrameworkDesign.ExcelDataDriven.ReadHeader -->
