<?xml version="1.0" encoding="UTF-8"?>
<!-- Generated by org.testng.reporters.JUnitReportReporter -->
<testsuite hostname="LAPTOP-I30VNB79" failures="0" tests="2" name="framework.MavenStructuredFrameworkDesign.Test.LoginTest" time="44.085" errors="0" timestamp="2023-10-27T21:40:05 IST" skipped="0">
  <testcase classname="framework.MavenStructuredFrameworkDesign.Test.LoginTest" name="submitOrderTest" time="20.246"/>
  <testcase classname="framework.MavenStructuredFrameworkDesign.Test.LoginTest" name="submitOrderTest" time="23.839"/>
</testsuite> <!-- framework.MavenStructuredFrameworkDesign.Test.LoginTest -->
