<?xml version="1.0" encoding="UTF-8"?>
<!-- Generated by org.testng.reporters.JUnitReportReporter -->
<testsuite hostname="LAPTOP-I30VNB79" failures="0" tests="1" name="ExtentReport.ExtentReportDemo" time="10.168" errors="0" timestamp="2023-07-26T11:44:52 IST" skipped="0">
  <testcase classname="ExtentReport.ExtentReportDemo" name="extentReportDemo" time="10.168"/>
</testsuite> <!-- ExtentReport.ExtentReportDemo -->
