<?xml version="1.0" encoding="UTF-8"?>
<!-- Generated by org.testng.reporters.JUnitReportReporter -->
<testsuite hostname="LAPTOP-I30VNB79" failures="0" tests="1" name="framework.MavenStructuredFrameworkDesign.LoginTest" time="49.728" errors="0" timestamp="2023-07-15T13:27:06 IST" skipped="0">
  <testcase classname="framework.MavenStructuredFrameworkDesign.LoginTest" name="submitOrderTest" time="49.728"/>
</testsuite> <!-- framework.MavenStructuredFrameworkDesign.LoginTest -->
