<?xml version="1.0" encoding="UTF-8"?>
<!-- Generated by org.testng.reporters.JUnitReportReporter -->
<testsuite hostname="LAPTOP-I30VNB79" failures="0" tests="2" name="framework.MavenStructuredFrameworkDesign.Test.LoginTest" time="52.925" errors="0" timestamp="2023-10-28T20:15:08 IST" skipped="0">
  <testcase classname="framework.MavenStructuredFrameworkDesign.Test.LoginTest" name="submitOrderTest" time="34.354"/>
  <testcase classname="framework.MavenStructuredFrameworkDesign.Test.LoginTest" name="submitOrderTest" time="18.571"/>
</testsuite> <!-- framework.MavenStructuredFrameworkDesign.Test.LoginTest -->
