<?xml version="1.0" encoding="UTF-8"?>
<!-- Generated by org.testng.reporters.JUnitReportReporter -->
<testsuite hostname="LAPTOP-I30VNB79" failures="0" tests="2" name="framework.MavenStructuredFrameworkDesign.Test.ErrorValidationsTest" time="27.449" errors="0" timestamp="2023-10-28T20:15:08 IST" skipped="0">
  <testcase classname="framework.MavenStructuredFrameworkDesign.Test.ErrorValidationsTest" name="productErrorValidation" time="22.895"/>
  <testcase classname="framework.MavenStructuredFrameworkDesign.Test.ErrorValidationsTest" name="LoginErrorValidation" time="4.554"/>
</testsuite> <!-- framework.MavenStructuredFrameworkDesign.Test.ErrorValidationsTest -->
